Test run started at: 2025-06-09 07:12:10
========================================
============================= test session starts ==============================
platform linux -- Python 3.10.17, pytest-8.3.5, pluggy-1.5.0
rootdir: /app
plugins: anyio-4.9.0, cov-6.1.1, json-report-1.5.0, metadata-3.1.1
collected 20 items

reporter/tests/test_database.py ..                                       [ 10%]
reporter/tests/test_database_manager.py ..................               [100%]

============================== 20 passed in 0.53s ==============================
========================================
Test run finished at: 2025-06-09 07:12:12
